0 info it worked if it ends with ok
1 verbose cli [ 'C:\\Program Files\\nodejs\\node.exe',
1 verbose cli   'C:\\Program Files\\nodejs\\node_modules\\npm\\bin\\npm-cli.js',
1 verbose cli   'publish' ]
2 info using npm@3.10.10
3 info using node@v6.11.2
4 verbose publish [ '.' ]
5 silly cache add args [ '.', null ]
6 verbose cache add spec .
7 silly cache add parsed spec Result {
7 silly cache add   raw: '.',
7 silly cache add   scope: null,
7 silly cache add   escapedName: null,
7 silly cache add   name: null,
7 silly cache add   rawSpec: '.',
7 silly cache add   spec: 'D:\\react_demo\\react-native-echarts-master',
7 silly cache add   type: 'directory' }
8 verbose addLocalDirectory C:\Users\Administrator\AppData\Roaming\npm-cache\rn-echarts-c\1.0.0\package.tgz not in flight; packing
9 verbose correctMkdir C:\Users\Administrator\AppData\Roaming\npm-cache correctMkdir not in flight; initializing
10 info lifecycle rn-echarts-c@1.0.0~prepublish: rn-echarts-c@1.0.0
11 silly lifecycle rn-echarts-c@1.0.0~prepublish: no script for prepublish, continuing
12 verbose tar pack [ 'C:\\Users\\Administrator\\AppData\\Roaming\\npm-cache\\rn-echarts-c\\1.0.0\\package.tgz',
12 verbose tar pack   'D:\\react_demo\\react-native-echarts-master' ]
13 verbose tarball C:\Users\Administrator\AppData\Roaming\npm-cache\rn-echarts-c\1.0.0\package.tgz
14 verbose folder D:\react_demo\react-native-echarts-master
15 verbose addLocalTarball adding from inside cache C:\Users\Administrator\AppData\Roaming\npm-cache\rn-echarts-c\1.0.0\package.tgz
16 verbose correctMkdir C:\Users\Administrator\AppData\Roaming\npm-cache correctMkdir not in flight; initializing
17 silly cache afterAdd rn-echarts-c@1.0.0
18 verbose afterAdd C:\Users\Administrator\AppData\Roaming\npm-cache\rn-echarts-c\1.0.0\package\package.json not in flight; writing
19 verbose correctMkdir C:\Users\Administrator\AppData\Roaming\npm-cache correctMkdir not in flight; initializing
20 verbose afterAdd C:\Users\Administrator\AppData\Roaming\npm-cache\rn-echarts-c\1.0.0\package\package.json written
21 silly publish { name: 'rn-echarts-c',
21 silly publish   version: '1.0.0',
21 silly publish   description: 'echarts for react-native',
21 silly publish   main: 'src/index.js',
21 silly publish   directories: { example: 'example' },
21 silly publish   scripts: { test: 'echo "Error: no test specified" && exit 1' },
21 silly publish   repository:
21 silly publish    { type: 'git',
21 silly publish      url: 'git+https://github.com/YinWeiLF/React-Native-Echarts.git' },
21 silly publish   keywords: [ 'react-native', 'echarts', 'chart', 'charts' ],
21 silly publish   author: { name: 'yinwei' },
21 silly publish   license: 'MIT',
21 silly publish   bugs: { url: 'https://github.com/YinWeiLF/React-Native-Echarts/issues' },
21 silly publish   homepage: 'https://github.com/YinWeiLF/React-Native-Echarts/blob/master/README.md',
21 silly publish   dependencies: { echarts: '3.2.3' },
21 silly publish   readme: '\r\n## install\r\n\r\n$ npm install native-echarts --save\r\n\r\n## Usage\r\n\r\nThe Usage is complete consistent with Echarts\r\n\r\ncomponent props:\r\n\r\n* *option* (object): The option for echarts: [Documentation](http://echarts.baidu.com/option.html#title)。 \r\n* *width* (number): The width of the chart. The default value is the outer container width. \r\n* *height* (number): The height of the chart. The default value is 400. \r\n\r\n\r\n```js\r\nimport React, { Component } from \'react\';\r\nimport {\r\n  AppRegistry,\r\n  StyleSheet,\r\n  Text,\r\n  View\r\n} from \'react-native\';\r\nimport Echarts from \'native-echarts\';\r\n\r\nexport default class app extends Component {\r\n  render() {\r\n    const option = {\r\n      title: {\r\n          text: \'ECharts demo\'\r\n      },\r\n      tooltip: {},\r\n      legend: {\r\n          data:[\'销量\']\r\n      },\r\n      xAxis: {\r\n          data: ["衬衫","羊毛衫","雪纺衫","裤子","高跟鞋","袜子"]\r\n      },\r\n      yAxis: {},\r\n      series: [{\r\n          name: \'销量\',\r\n          type: \'bar\',\r\n          data: [5, 20, 36, 10, 10, 20]\r\n      }]\r\n    };\r\n    return (\r\n      <Echarts option={option} height={300} />\r\n    );\r\n  }\r\n}\r\n\r\nAppRegistry.registerComponent(\'app\', () => app);\r\n\r\n```\r\n\r\n\r\n\r\n##Example\r\n\r\n*run demo*\r\n\r\n```\r\ncd example\r\nnpm install\r\nnpm start\r\n```\r\n\r\n### IOS\r\n\r\nOpen the xcode project in the ios directory and click run\r\n\r\nscreenshots：\r\n\r\n![image](https://github.com/somonus/react-native-echarts/blob/master/example/demoIOS.png)\r\n\r\n### Android\r\n\r\nOpen the Android project in the android directory with Android Studio and click run.\r\n\r\nscreenshots：\r\n\r\n![image](https://github.com/somonus/react-native-echarts/blob/master/example/demoAndroid.png)\r\n\r\n## License\r\n\r\nnative-echarts is released under the MIT license.\r\n# React-Native-Echarts\r\n',
21 silly publish   readmeFilename: 'README.md',
21 silly publish   gitHead: '7796a35463d4587a444a2bb2d183e558e8b25d84',
21 silly publish   _id: 'rn-echarts-c@1.0.0',
21 silly publish   _shasum: 'd13a1972d9b60095b01c5fe3836f8533f1099381',
21 silly publish   _from: '.' }
22 verbose getPublishConfig undefined
23 silly mapToRegistry name rn-echarts-c
24 silly mapToRegistry using default registry
25 silly mapToRegistry registry http://registry.npmjs.org/
26 silly mapToRegistry data Result {
26 silly mapToRegistry   raw: 'rn-echarts-c',
26 silly mapToRegistry   scope: null,
26 silly mapToRegistry   escapedName: 'rn-echarts-c',
26 silly mapToRegistry   name: 'rn-echarts-c',
26 silly mapToRegistry   rawSpec: '',
26 silly mapToRegistry   spec: 'latest',
26 silly mapToRegistry   type: 'tag' }
27 silly mapToRegistry uri http://registry.npmjs.org/rn-echarts-c
28 verbose publish registryBase http://registry.npmjs.org/
29 silly publish uploading C:\Users\Administrator\AppData\Roaming\npm-cache\rn-echarts-c\1.0.0\package.tgz
30 verbose request uri http://registry.npmjs.org/rn-echarts-c
31 verbose request sending authorization for write operation
32 info attempt registry request try #1 at 17:23:45
33 verbose request using bearer token for auth
34 verbose request id c605c10d20182022
35 http request PUT http://registry.npmjs.org/rn-echarts-c
36 http 403 http://registry.npmjs.org/rn-echarts-c
37 verbose headers { 'content-type': 'application/json',
37 verbose headers   'cache-control': 'max-age=300',
37 verbose headers   'content-length': '93',
37 verbose headers   'accept-ranges': 'bytes',
37 verbose headers   date: 'Tue, 08 May 2018 09:23:49 GMT',
37 verbose headers   via: '1.1 varnish',
37 verbose headers   connection: 'keep-alive',
37 verbose headers   'x-served-by': 'cache-lax8635-LAX',
37 verbose headers   'x-cache': 'MISS',
37 verbose headers   'x-cache-hits': '0',
37 verbose headers   'x-timer': 'S1525771426.444370,VS0,VE2899',
37 verbose headers   vary: 'Accept-Encoding, Accept' }
38 verbose request invalidating C:\Users\Administrator\AppData\Roaming\npm-cache\registry.npmjs.org\rn-echarts-c on PUT
39 error publish Failed PUT 403
40 verbose stack Error: You cannot publish over the previously published versions: 1.0.0. : rn-echarts-c
40 verbose stack     at makeError (C:\Program Files\nodejs\node_modules\npm\node_modules\npm-registry-client\lib\request.js:302:12)
40 verbose stack     at CachingRegistryClient.<anonymous> (C:\Program Files\nodejs\node_modules\npm\node_modules\npm-registry-client\lib\request.js:290:14)
40 verbose stack     at Request._callback (C:\Program Files\nodejs\node_modules\npm\node_modules\npm-registry-client\lib\request.js:210:14)
40 verbose stack     at Request.self.callback (C:\Program Files\nodejs\node_modules\npm\node_modules\request\request.js:187:22)
40 verbose stack     at emitTwo (events.js:106:13)
40 verbose stack     at Request.emit (events.js:191:7)
40 verbose stack     at Request.<anonymous> (C:\Program Files\nodejs\node_modules\npm\node_modules\request\request.js:1048:10)
40 verbose stack     at emitOne (events.js:96:13)
40 verbose stack     at Request.emit (events.js:188:7)
40 verbose stack     at IncomingMessage.<anonymous> (C:\Program Files\nodejs\node_modules\npm\node_modules\request\request.js:969:12)
41 verbose statusCode 403
42 verbose pkgid rn-echarts-c
43 verbose cwd D:\react_demo\react-native-echarts-master
44 error Windows_NT 6.1.7601
45 error argv "C:\\Program Files\\nodejs\\node.exe" "C:\\Program Files\\nodejs\\node_modules\\npm\\bin\\npm-cli.js" "publish"
46 error node v6.11.2
47 error npm  v3.10.10
48 error code E403
49 error You cannot publish over the previously published versions: 1.0.0. : rn-echarts-c
50 error If you need help, you may report this error at:
50 error     <https://github.com/npm/npm/issues>
51 verbose exit [ 1, true ]
